<?xml version="1.0" encoding="UTF-8"?>
<!-- Generated by org.testng.reporters.JUnitReportReporter -->
<testsuite hostname="DESKTOP-QVGHB33" failures="0" tests="6" name="uiTest.searchTestUI" time="62.835" errors="0" timestamp="2022-02-07T23:53:48 GMT" skipped="0">
  <testcase classname="uiTest.searchTestUI" name="testLoginUserSearchHistory" time="19.884"/>
  <system-out>
    <![CDATA[Verify User is successfully logged in and performs search
Verify on for search item page
Verify on next page
Verify that page is loaded with modified search 
Verify User is able see search history section]]>
  </system-out>
  <testcase classname="uiTest.searchTestUI" name="testNextPageOfSearchPage" time="11.160"/>
  <system-out>
    <![CDATA[Verify on for search item page
Verify on next page
Verify that page is loaded with modified search ]]>
  </system-out>
  <testcase classname="uiTest.searchTestUI" name="testProductRelatedSearchSection" time="10.033"/>
  <system-out>
    <![CDATA[Verify on for search item page
Verify that Related Search section appears]]>
  </system-out>
  <testcase classname="uiTest.searchTestUI" name="testSortSearchresults" time="9.945"/>
  <system-out>
    <![CDATA[Verify the Search bar is displayed
Verify sorting options]]>
  </system-out>
  <testcase classname="uiTest.searchTestUI" name="testNoResultsPage" time="6.541"/>
  <system-out>
    <![CDATA[Verify the Search bar is displayed
Verify No Result Found Page]]>
  </system-out>
  <testcase classname="uiTest.searchTestUI" name="testSearchBar_autoSuggestiontLength" time="5.272"/>
  <system-out>
    <![CDATA[Verify the Search bar is displayed
Verify upto 10 matching items are displayed in autosuggestion]]>
  </system-out>
</testsuite> <!-- uiTest.searchTestUI -->
